2017-03-31T07:46:55+00:00 ERR (3): 
exception 'PDOException' with message 'SQLSTATE[42S02]: Base table or view not found: 1146 Table '6ar_mg1.mg_review_entity_summary' doesn't exist' in C:\xampp\htdocs\6ar\lib\Zend\Db\Statement\Pdo.php:228
Stack trace:
#0 C:\xampp\htdocs\6ar\lib\Zend\Db\Statement\Pdo.php(228): PDOStatement->execute(Array)
#1 C:\xampp\htdocs\6ar\lib\Varien\Db\Statement\Pdo\Mysql.php(110): Zend_Db_Statement_Pdo->_execute(Array)
#2 C:\xampp\htdocs\6ar\app\code\core\Zend\Db\Statement.php(291): Varien_Db_Statement_Pdo_Mysql->_execute(Array)
#3 C:\xampp\htdocs\6ar\lib\Zend\Db\Adapter\Abstract.php(480): Zend_Db_Statement->execute(Array)
#4 C:\xampp\htdocs\6ar\lib\Zend\Db\Adapter\Pdo\Abstract.php(238): Zend_Db_Adapter_Abstract->query('SELECT `mg_revi...', Array)
#5 C:\xampp\htdocs\6ar\lib\Varien\Db\Adapter\Pdo\Mysql.php(504): Zend_Db_Adapter_Pdo_Abstract->query('SELECT `mg_revi...', Array)
#6 C:\xampp\htdocs\6ar\lib\Zend\Db\Adapter\Abstract.php(756): Varien_Db_Adapter_Pdo_Mysql->query(Object(Varien_Db_Select), Array)
#7 C:\xampp\htdocs\6ar\app\code\core\Mage\Core\Model\Resource\Db\Abstract.php(380): Zend_Db_Adapter_Abstract->fetchRow(Object(Varien_Db_Select))
#8 C:\xampp\htdocs\6ar\app\code\core\Mage\Core\Model\Abstract.php(225): Mage_Core_Model_Resource_Db_Abstract->load(Object(Mage_Review_Model_Review_Summary), '34651', NULL)
#9 C:\xampp\htdocs\6ar\app\code\core\Mage\Review\Model\Review.php(102): Mage_Core_Model_Abstract->load('34651')
#10 C:\xampp\htdocs\6ar\app\code\core\Mage\Review\Block\Helper.php(53): Mage_Review_Model_Review->getEntitySummary(Object(Mage_Catalog_Model_Product), '7')
#11 C:\xampp\htdocs\6ar\app\code\core\Mage\Catalog\Block\Product\Abstract.php(319): Mage_Review_Block_Helper->getSummaryHtml(Object(Mage_Catalog_Model_Product), 'short', false)
#12 C:\xampp\htdocs\6ar\app\design\frontend\rwd\default\template\catalog\product\widget\new\content\new_grid.phtml(47): Mage_Catalog_Block_Product_Abstract->getReviewsSummaryHtml(Object(Mage_Catalog_Model_Product), 'short')
#13 C:\xampp\htdocs\6ar\app\code\core\Mage\Core\Block\Template.php(241): include('C:\\xampp\\htdocs...')
#14 C:\xampp\htdocs\6ar\app\code\core\Mage\Core\Block\Template.php(272): Mage_Core_Block_Template->fetchView('frontend\\rwd\\de...')
#15 C:\xampp\htdocs\6ar\app\code\core\Mage\Core\Block\Template.php(286): Mage_Core_Block_Template->renderView()
#16 C:\xampp\htdocs\6ar\app\code\core\Mage\Core\Block\Abstract.php(923): Mage_Core_Block_Template->_toHtml()
#17 C:\xampp\htdocs\6ar\app\code\core\Mage\Widget\Model\Template\Filter.php(76): Mage_Core_Block_Abstract->toHtml()
#18 [internal function]: Mage_Widget_Model_Template_Filter->widgetDirective(Array)
#19 C:\xampp\htdocs\6ar\lib\Varien\Filter\Template.php(163): call_user_func(Array, Array)
#20 C:\xampp\htdocs\6ar\app\code\core\Mage\Core\Model\Email\Template\Filter.php(560): Varien_Filter_Template->filter('{{widget type="...')
#21 C:\xampp\htdocs\6ar\app\code\core\Mage\Cms\Block\Page.php(123): Mage_Core_Model_Email_Template_Filter->filter('{{widget type="...')
#22 C:\xampp\htdocs\6ar\app\code\core\Mage\Core\Block\Abstract.php(923): Mage_Cms_Block_Page->_toHtml()
#23 C:\xampp\htdocs\6ar\app\code\core\Mage\Core\Block\Abstract.php(641): Mage_Core_Block_Abstract->toHtml()
#24 C:\xampp\htdocs\6ar\app\code\core\Mage\Core\Block\Abstract.php(581): Mage_Core_Block_Abstract->_getChildHtml('cms_page', true)
#25 C:\xampp\htdocs\6ar\app\code\core\Mage\Page\Block\Html\Wrapper.php(52): Mage_Core_Block_Abstract->getChildHtml('', true, true)
#26 C:\xampp\htdocs\6ar\app\code\core\Mage\Core\Block\Abstract.php(923): Mage_Page_Block_Html_Wrapper->_toHtml()
#27 C:\xampp\htdocs\6ar\app\code\core\Mage\Core\Block\Text\List.php(43): Mage_Core_Block_Abstract->toHtml()
#28 C:\xampp\htdocs\6ar\app\code\core\Mage\Core\Block\Abstract.php(923): Mage_Core_Block_Text_List->_toHtml()
#29 C:\xampp\htdocs\6ar\app\code\core\Mage\Core\Block\Abstract.php(641): Mage_Core_Block_Abstract->toHtml()
#30 C:\xampp\htdocs\6ar\app\code\core\Mage\Core\Block\Abstract.php(585): Mage_Core_Block_Abstract->_getChildHtml('content', true)
#31 C:\xampp\htdocs\6ar\app\design\frontend\rwd\default\template\page\2columns-right.phtml(55): Mage_Core_Block_Abstract->getChildHtml('content')
#32 C:\xampp\htdocs\6ar\app\code\core\Mage\Core\Block\Template.php(241): include('C:\\xampp\\htdocs...')
#33 C:\xampp\htdocs\6ar\app\code\core\Mage\Core\Block\Template.php(272): Mage_Core_Block_Template->fetchView('frontend\\rwd\\de...')
#34 C:\xampp\htdocs\6ar\app\code\core\Mage\Core\Block\Template.php(286): Mage_Core_Block_Template->renderView()
#35 C:\xampp\htdocs\6ar\app\code\core\Mage\Core\Block\Abstract.php(923): Mage_Core_Block_Template->_toHtml()
#36 C:\xampp\htdocs\6ar\app\code\core\Mage\Core\Model\Layout.php(555): Mage_Core_Block_Abstract->toHtml()
#37 C:\xampp\htdocs\6ar\app\code\core\Mage\Core\Controller\Varien\Action.php(390): Mage_Core_Model_Layout->getOutput()
#38 C:\xampp\htdocs\6ar\app\code\core\Mage\Cms\Helper\Page.php(137): Mage_Core_Controller_Varien_Action->renderLayout()
#39 C:\xampp\htdocs\6ar\app\code\core\Mage\Cms\Helper\Page.php(52): Mage_Cms_Helper_Page->_renderPage(Object(Mage_Cms_IndexController), 'home')
#40 C:\xampp\htdocs\6ar\app\code\core\Mage\Cms\controllers\IndexController.php(45): Mage_Cms_Helper_Page->renderPage(Object(Mage_Cms_IndexController), 'home')
#41 C:\xampp\htdocs\6ar\app\code\core\Mage\Core\Controller\Varien\Action.php(418): Mage_Cms_IndexController->indexAction()
#42 C:\xampp\htdocs\6ar\app\code\core\Mage\Core\Controller\Varien\Router\Standard.php(254): Mage_Core_Controller_Varien_Action->dispatch('index')
#43 C:\xampp\htdocs\6ar\app\code\core\Mage\Core\Controller\Varien\Front.php(172): Mage_Core_Controller_Varien_Router_Standard->match(Object(Mage_Core_Controller_Request_Http))
#44 C:\xampp\htdocs\6ar\app\code\core\Mage\Core\Model\App.php(365): Mage_Core_Controller_Varien_Front->dispatch()
#45 C:\xampp\htdocs\6ar\app\Mage.php(684): Mage_Core_Model_App->run(Array)
#46 C:\xampp\htdocs\6ar\index.php(84): Mage::run('', 'store')
#47 {main}

Next exception 'Zend_Db_Statement_Exception' with message 'SQLSTATE[42S02]: Base table or view not found: 1146 Table '6ar_mg1.mg_review_entity_summary' doesn't exist, query was: SELECT `mg_review_entity_summary`.* FROM `mg_review_entity_summary` WHERE (`mg_review_entity_summary`.`entity_pk_value`='34651') AND (store_id = 7)' in C:\xampp\htdocs\6ar\lib\Zend\Db\Statement\Pdo.php:235
Stack trace:
#0 C:\xampp\htdocs\6ar\lib\Varien\Db\Statement\Pdo\Mysql.php(110): Zend_Db_Statement_Pdo->_execute(Array)
#1 C:\xampp\htdocs\6ar\app\code\core\Zend\Db\Statement.php(291): Varien_Db_Statement_Pdo_Mysql->_execute(Array)
#2 C:\xampp\htdocs\6ar\lib\Zend\Db\Adapter\Abstract.php(480): Zend_Db_Statement->execute(Array)
#3 C:\xampp\htdocs\6ar\lib\Zend\Db\Adapter\Pdo\Abstract.php(238): Zend_Db_Adapter_Abstract->query('SELECT `mg_revi...', Array)
#4 C:\xampp\htdocs\6ar\lib\Varien\Db\Adapter\Pdo\Mysql.php(504): Zend_Db_Adapter_Pdo_Abstract->query('SELECT `mg_revi...', Array)
#5 C:\xampp\htdocs\6ar\lib\Zend\Db\Adapter\Abstract.php(756): Varien_Db_Adapter_Pdo_Mysql->query(Object(Varien_Db_Select), Array)
#6 C:\xampp\htdocs\6ar\app\code\core\Mage\Core\Model\Resource\Db\Abstract.php(380): Zend_Db_Adapter_Abstract->fetchRow(Object(Varien_Db_Select))
#7 C:\xampp\htdocs\6ar\app\code\core\Mage\Core\Model\Abstract.php(225): Mage_Core_Model_Resource_Db_Abstract->load(Object(Mage_Review_Model_Review_Summary), '34651', NULL)
#8 C:\xampp\htdocs\6ar\app\code\core\Mage\Review\Model\Review.php(102): Mage_Core_Model_Abstract->load('34651')
#9 C:\xampp\htdocs\6ar\app\code\core\Mage\Review\Block\Helper.php(53): Mage_Review_Model_Review->getEntitySummary(Object(Mage_Catalog_Model_Product), '7')
#10 C:\xampp\htdocs\6ar\app\code\core\Mage\Catalog\Block\Product\Abstract.php(319): Mage_Review_Block_Helper->getSummaryHtml(Object(Mage_Catalog_Model_Product), 'short', false)
#11 C:\xampp\htdocs\6ar\app\design\frontend\rwd\default\template\catalog\product\widget\new\content\new_grid.phtml(47): Mage_Catalog_Block_Product_Abstract->getReviewsSummaryHtml(Object(Mage_Catalog_Model_Product), 'short')
#12 C:\xampp\htdocs\6ar\app\code\core\Mage\Core\Block\Template.php(241): include('C:\\xampp\\htdocs...')
#13 C:\xampp\htdocs\6ar\app\code\core\Mage\Core\Block\Template.php(272): Mage_Core_Block_Template->fetchView('frontend\\rwd\\de...')
#14 C:\xampp\htdocs\6ar\app\code\core\Mage\Core\Block\Template.php(286): Mage_Core_Block_Template->renderView()
#15 C:\xampp\htdocs\6ar\app\code\core\Mage\Core\Block\Abstract.php(923): Mage_Core_Block_Template->_toHtml()
#16 C:\xampp\htdocs\6ar\app\code\core\Mage\Widget\Model\Template\Filter.php(76): Mage_Core_Block_Abstract->toHtml()
#17 [internal function]: Mage_Widget_Model_Template_Filter->widgetDirective(Array)
#18 C:\xampp\htdocs\6ar\lib\Varien\Filter\Template.php(163): call_user_func(Array, Array)
#19 C:\xampp\htdocs\6ar\app\code\core\Mage\Core\Model\Email\Template\Filter.php(560): Varien_Filter_Template->filter('{{widget type="...')
#20 C:\xampp\htdocs\6ar\app\code\core\Mage\Cms\Block\Page.php(123): Mage_Core_Model_Email_Template_Filter->filter('{{widget type="...')
#21 C:\xampp\htdocs\6ar\app\code\core\Mage\Core\Block\Abstract.php(923): Mage_Cms_Block_Page->_toHtml()
#22 C:\xampp\htdocs\6ar\app\code\core\Mage\Core\Block\Abstract.php(641): Mage_Core_Block_Abstract->toHtml()
#23 C:\xampp\htdocs\6ar\app\code\core\Mage\Core\Block\Abstract.php(581): Mage_Core_Block_Abstract->_getChildHtml('cms_page', true)
#24 C:\xampp\htdocs\6ar\app\code\core\Mage\Page\Block\Html\Wrapper.php(52): Mage_Core_Block_Abstract->getChildHtml('', true, true)
#25 C:\xampp\htdocs\6ar\app\code\core\Mage\Core\Block\Abstract.php(923): Mage_Page_Block_Html_Wrapper->_toHtml()
#26 C:\xampp\htdocs\6ar\app\code\core\Mage\Core\Block\Text\List.php(43): Mage_Core_Block_Abstract->toHtml()
#27 C:\xampp\htdocs\6ar\app\code\core\Mage\Core\Block\Abstract.php(923): Mage_Core_Block_Text_List->_toHtml()
#28 C:\xampp\htdocs\6ar\app\code\core\Mage\Core\Block\Abstract.php(641): Mage_Core_Block_Abstract->toHtml()
#29 C:\xampp\htdocs\6ar\app\code\core\Mage\Core\Block\Abstract.php(585): Mage_Core_Block_Abstract->_getChildHtml('content', true)
#30 C:\xampp\htdocs\6ar\app\design\frontend\rwd\default\template\page\2columns-right.phtml(55): Mage_Core_Block_Abstract->getChildHtml('content')
#31 C:\xampp\htdocs\6ar\app\code\core\Mage\Core\Block\Template.php(241): include('C:\\xampp\\htdocs...')
#32 C:\xampp\htdocs\6ar\app\code\core\Mage\Core\Block\Template.php(272): Mage_Core_Block_Template->fetchView('frontend\\rwd\\de...')
#33 C:\xampp\htdocs\6ar\app\code\core\Mage\Core\Block\Template.php(286): Mage_Core_Block_Template->renderView()
#34 C:\xampp\htdocs\6ar\app\code\core\Mage\Core\Block\Abstract.php(923): Mage_Core_Block_Template->_toHtml()
#35 C:\xampp\htdocs\6ar\app\code\core\Mage\Core\Model\Layout.php(555): Mage_Core_Block_Abstract->toHtml()
#36 C:\xampp\htdocs\6ar\app\code\core\Mage\Core\Controller\Varien\Action.php(390): Mage_Core_Model_Layout->getOutput()
#37 C:\xampp\htdocs\6ar\app\code\core\Mage\Cms\Helper\Page.php(137): Mage_Core_Controller_Varien_Action->renderLayout()
#38 C:\xampp\htdocs\6ar\app\code\core\Mage\Cms\Helper\Page.php(52): Mage_Cms_Helper_Page->_renderPage(Object(Mage_Cms_IndexController), 'home')
#39 C:\xampp\htdocs\6ar\app\code\core\Mage\Cms\controllers\IndexController.php(45): Mage_Cms_Helper_Page->renderPage(Object(Mage_Cms_IndexController), 'home')
#40 C:\xampp\htdocs\6ar\app\code\core\Mage\Core\Controller\Varien\Action.php(418): Mage_Cms_IndexController->indexAction()
#41 C:\xampp\htdocs\6ar\app\code\core\Mage\Core\Controller\Varien\Router\Standard.php(254): Mage_Core_Controller_Varien_Action->dispatch('index')
#42 C:\xampp\htdocs\6ar\app\code\core\Mage\Core\Controller\Varien\Front.php(172): Mage_Core_Controller_Varien_Router_Standard->match(Object(Mage_Core_Controller_Request_Http))
#43 C:\xampp\htdocs\6ar\app\code\core\Mage\Core\Model\App.php(365): Mage_Core_Controller_Varien_Front->dispatch()
#44 C:\xampp\htdocs\6ar\app\Mage.php(684): Mage_Core_Model_App->run(Array)
#45 C:\xampp\htdocs\6ar\index.php(84): Mage::run('', 'store')
#46 {main}
2017-04-03T07:36:15+00:00 DEBUG (7): Exception message: SQLSTATE[23000]: Integrity constraint violation: 1062 Duplicate entry '96030100_1491204844-0-8' for key 'UNQ_OZSS_CORE_URL_REWRITE_ID_PATH_IS_SYSTEM_STORE_ID', query was: INSERT INTO `mg_core_url_rewrite` (`store_id`, `category_id`, `product_id`, `id_path`, `request_path`, `target_path`, `is_system`, `options`) VALUES (?, ?, ?, ?, ?, ?, ?, ?)
Trace: #0 C:\xampp\htdocs\6ar\lib\Varien\Db\Statement\Pdo\Mysql.php(110): Zend_Db_Statement_Pdo->_execute(Array)
#1 C:\xampp\htdocs\6ar\app\code\core\Zend\Db\Statement.php(291): Varien_Db_Statement_Pdo_Mysql->_execute(Array)
#2 C:\xampp\htdocs\6ar\lib\Zend\Db\Adapter\Abstract.php(480): Zend_Db_Statement->execute(Array)
#3 C:\xampp\htdocs\6ar\lib\Zend\Db\Adapter\Pdo\Abstract.php(238): Zend_Db_Adapter_Abstract->query('INSERT INTO `mg...', Array)
#4 C:\xampp\htdocs\6ar\lib\Varien\Db\Adapter\Pdo\Mysql.php(504): Zend_Db_Adapter_Pdo_Abstract->query('INSERT INTO `mg...', Array)
#5 C:\xampp\htdocs\6ar\lib\Zend\Db\Adapter\Abstract.php(576): Varien_Db_Adapter_Pdo_Mysql->query('INSERT INTO `mg...', Array)
#6 C:\xampp\htdocs\6ar\app\code\core\Mage\Catalog\Model\Resource\Url.php(338): Zend_Db_Adapter_Abstract->insert('mg_core_url_rew...', Array)
#7 C:\xampp\htdocs\6ar\app\code\core\Mage\Catalog\Model\Url.php(963): Mage_Catalog_Model_Resource_Url->saveRewriteHistory(Array)
#8 C:\xampp\htdocs\6ar\app\code\core\Mage\Catalog\Model\Url.php(369): Mage_Catalog_Model_Url->_saveRewriteHistory(Array, Object(Varien_Object))
#9 C:\xampp\htdocs\6ar\app\code\core\Mage\Catalog\Model\Url.php(562): Mage_Catalog_Model_Url->_refreshProductRewrite(Object(Varien_Object), Object(Varien_Object))
#10 C:\xampp\htdocs\6ar\app\code\core\Mage\Catalog\Model\Url.php(255): Mage_Catalog_Model_Url->refreshProductRewrites('8')
#11 C:\xampp\htdocs\6ar\app\code\core\Mage\Catalog\Model\Url.php(248): Mage_Catalog_Model_Url->refreshRewrites('8')
#12 C:\xampp\htdocs\6ar\app\code\core\Mage\Catalog\Model\Indexer\Url.php(257): Mage_Catalog_Model_Url->refreshRewrites()
#13 C:\xampp\htdocs\6ar\app\code\core\Mage\Index\Model\Process.php(212): Mage_Catalog_Model_Indexer_Url->reindexAll()
#14 C:\xampp\htdocs\6ar\app\code\core\Mage\Index\Model\Process.php(260): Mage_Index_Model_Process->reindexAll()
#15 C:\xampp\htdocs\6ar\app\code\core\Mage\Index\controllers\Adminhtml\ProcessController.php(182): Mage_Index_Model_Process->reindexEverything()
#16 C:\xampp\htdocs\6ar\app\code\core\Mage\Core\Controller\Varien\Action.php(418): Mage_Index_Adminhtml_ProcessController->massReindexAction()
#17 C:\xampp\htdocs\6ar\app\code\core\Mage\Core\Controller\Varien\Router\Standard.php(254): Mage_Core_Controller_Varien_Action->dispatch('massReindex')
#18 C:\xampp\htdocs\6ar\app\code\core\Mage\Core\Controller\Varien\Front.php(172): Mage_Core_Controller_Varien_Router_Standard->match(Object(Mage_Core_Controller_Request_Http))
#19 C:\xampp\htdocs\6ar\app\code\core\Mage\Core\Model\App.php(365): Mage_Core_Controller_Varien_Front->dispatch()
#20 C:\xampp\htdocs\6ar\app\Mage.php(684): Mage_Core_Model_App->run(Array)
#21 C:\xampp\htdocs\6ar\index.php(84): Mage::run('', 'store')
#22 {main}
