2017-04-05T07:07:54+00:00 DEBUG (7): Computing for order 700000613
2017-04-05T07:07:54+00:00 DEBUG (7): bill 000000000012 & ship000000000012
2017-04-05T07:07:54+00:00 DEBUG (7): Soap API Call before
2017-04-05T07:09:28+00:00 DEBUG (7): ItCan Soap Call Successfully : 46507559aa461a84ab0712a2644128f4
2017-04-05T07:10:18+00:00 DEBUG (7): Soap Call Successfully : 05252a5e912b3dd6fe1ea125bf91ace6
2017-04-05T07:11:04+00:00 DEBUG (7): Error :  Array sku : 146812754517 qty : 1.0000
2017-04-05T07:15:44+00:00 DEBUG (7): Computing for order 700000613
2017-04-05T07:15:44+00:00 DEBUG (7): bill 000000000012 & ship000000000012
2017-04-05T07:15:44+00:00 DEBUG (7): Soap API Call before
2017-04-05T07:16:32+00:00 DEBUG (7): ItCan Soap Call Successfully : 27438bfe4807488b440a6cb06abccfdf
2017-04-05T07:17:20+00:00 DEBUG (7): Soap Call Successfully : ebd21b13733003148f819d3dd16e0b9c
2017-04-05T07:18:10+00:00 DEBUG (7): Error :  Array sku : 146812754517
2017-04-05T07:18:36+00:00 DEBUG (7): Soap API Shipping Address Is Set 1
2017-04-05T07:20:58+00:00 DEBUG (7): Computing for order 700000613
2017-04-05T07:20:59+00:00 DEBUG (7): bill 000000000012 & ship000000000012
2017-04-05T07:20:59+00:00 DEBUG (7): Soap API Call before
2017-04-05T07:21:55+00:00 DEBUG (7): ItCan Soap Call Successfully : 946849bbfe861dc3e29eb19541b5e48e
2017-04-05T07:22:39+00:00 DEBUG (7): Soap Call Successfully : 477f23bfaa82783072ad1e267efcf48e
2017-04-05T07:23:49+00:00 DEBUG (7): Soap API Shipping Address Is Set 1
2017-04-05T07:24:42+00:00 DEBUG (7): Computing for order 700000613
2017-04-05T07:24:43+00:00 DEBUG (7): bill 000000000012 & ship000000000012
2017-04-05T07:24:43+00:00 DEBUG (7): Soap API Call before
2017-04-05T07:25:28+00:00 DEBUG (7): ItCan Soap Call Successfully : 37968ebe776a08aa45a78704bf9bd4c4
2017-04-05T07:26:14+00:00 DEBUG (7): Soap Call Successfully : a9bb378e25e907ef1049f2ea9383fbf7
2017-04-05T07:27:30+00:00 DEBUG (7): Soap API Shipping Address Is Set 1
2017-04-05T07:29:44+00:00 DEBUG (7): Computing for order 700000613
2017-04-05T07:29:44+00:00 DEBUG (7): bill 000000000012 & ship000000000012
2017-04-05T07:29:44+00:00 DEBUG (7): Soap API Call before
2017-04-05T07:30:29+00:00 DEBUG (7): ItCan Soap Call Successfully : 9d172a223c5b85a4e1577cb7fec547b1
2017-04-05T07:31:17+00:00 DEBUG (7): Soap Call Successfully : 6a6e8b13eaf5f81aeed81e1789fa8ac9
2017-04-05T07:37:08+00:00 DEBUG (7): Computing for order 700000613
2017-04-05T07:37:08+00:00 DEBUG (7): bill 000000000012 & ship000000000012
2017-04-05T07:37:08+00:00 DEBUG (7): Soap API Call before
2017-04-05T07:37:53+00:00 DEBUG (7): ItCan Soap Call Successfully : 42cfd9e8f9470c971e45d59df8009cc1
2017-04-05T07:38:40+00:00 DEBUG (7): Soap Call Successfully : c3286abaab34b95615ab64adf6ce5888
2017-04-05T07:41:14+00:00 DEBUG (7): Computing for order 700000613
2017-04-05T07:41:14+00:00 DEBUG (7): bill 000000000012 & ship000000000012
2017-04-05T07:41:14+00:00 DEBUG (7): Soap API Call before
2017-04-05T07:42:00+00:00 DEBUG (7): ItCan Soap Call Successfully : 86053f0275b928b300c13f1cfd8e8fd4
2017-04-05T07:42:44+00:00 DEBUG (7): Soap Call Successfully : 2f4844e7397c8109c535fe0e1405aa82
2017-04-05T07:45:21+00:00 DEBUG (7): Computing for order 700000611
2017-04-05T07:45:21+00:00 DEBUG (7): bill 000000000017 & ship000000000017
2017-04-05T07:45:21+00:00 DEBUG (7): Soap API Call before
2017-04-05T07:46:09+00:00 DEBUG (7): ItCan Soap Call Successfully : 11bf2e8ac0357e805f9b222f5097bea4
2017-04-05T07:46:53+00:00 DEBUG (7): Soap Call Successfully : de106455dc86d507457f99cec13a32ce
2017-04-05T07:50:20+00:00 DEBUG (7): Computing for order 700000611
2017-04-05T07:50:20+00:00 DEBUG (7): bill 000000000017 & ship000000000017
2017-04-05T07:50:20+00:00 DEBUG (7): Soap API Call before
2017-04-05T07:51:04+00:00 DEBUG (7): ItCan Soap Call Successfully : 3c95b7131c6c6c967a4d69f41a29238c
2017-04-05T07:51:49+00:00 DEBUG (7): Soap Call Successfully : dda6a2249fa5bb95d9b286c8942588cb
2017-04-05T07:55:19+00:00 DEBUG (7): Computing for order 700000611
2017-04-05T07:55:20+00:00 DEBUG (7): bill 000000000017 & ship000000000017
2017-04-05T07:55:20+00:00 DEBUG (7): Soap API Call before
2017-04-05T07:56:08+00:00 DEBUG (7): ItCan Soap Call Successfully : 26968ab1b95997be91550f8c114a6d80
2017-04-05T07:56:53+00:00 DEBUG (7): Soap Call Successfully : 6203a0c2b68dac9b2d32580eea914fc3
2017-04-05T07:59:10+00:00 DEBUG (7): Computing for order 700000611
2017-04-05T07:59:11+00:00 DEBUG (7): bill 000000000017 & ship000000000017
2017-04-05T07:59:11+00:00 DEBUG (7): Soap API Call before
2017-04-05T08:00:07+00:00 DEBUG (7): ItCan Soap Call Successfully : 5ef9a95164a8641dd06c9c7736343e8d
2017-04-05T08:00:56+00:00 DEBUG (7): Soap Call Successfully : 35b1c28521611c09fc7d83ca9bbe8a6e
2017-04-05T08:02:55+00:00 DEBUG (7): Computing for order 700000611
2017-04-05T08:02:55+00:00 DEBUG (7): bill 000000000017 & ship000000000017
2017-04-05T08:02:55+00:00 DEBUG (7): Soap API Call before
2017-04-05T08:03:42+00:00 DEBUG (7): ItCan Soap Call Successfully : 2fd9390203e0c5ee0fb65fb5899f40b0
2017-04-05T08:04:28+00:00 DEBUG (7): Soap Call Successfully : d371b51393ffeea5046cf6a0658db019
2017-04-05T08:07:08+00:00 DEBUG (7): Computing for order 700000611
2017-04-05T08:07:08+00:00 DEBUG (7): bill 000000000017 & ship000000000017
2017-04-05T08:07:08+00:00 DEBUG (7): Soap API Call before
2017-04-05T08:07:55+00:00 DEBUG (7): ItCan Soap Call Successfully : c8a8f71fc5729358ec10d35ebf2872aa
2017-04-05T08:08:38+00:00 DEBUG (7): Soap Call Successfully : 36256c00dab11eddab5e8029e638ba23
2017-04-05T08:10:56+00:00 DEBUG (7): Computing for order 700000613
2017-04-05T08:10:57+00:00 DEBUG (7): bill 000000000012 & ship000000000012
2017-04-05T08:10:57+00:00 DEBUG (7): Soap API Call before
2017-04-05T08:11:45+00:00 DEBUG (7): ItCan Soap Call Successfully : 724553f07abda09d842a82eb199ce416
2017-04-05T08:12:30+00:00 DEBUG (7): Soap Call Successfully : 5d97783e24ad4eaed584d3215cfbaa91
2017-04-05T08:14:18+00:00 DEBUG (7): Computing for order 700000611
2017-04-05T08:14:19+00:00 DEBUG (7): bill 000000000017 & ship000000000017
2017-04-05T08:14:19+00:00 DEBUG (7): Soap API Call before
2017-04-05T08:15:03+00:00 DEBUG (7): ItCan Soap Call Successfully : 41c70b3a75ff1555572452986d35e3e8
2017-04-05T08:15:49+00:00 DEBUG (7): Soap Call Successfully : 66e7b48cbc90cfeeac5b90d1d6858b98
2017-04-05T08:17:43+00:00 DEBUG (7): Computing for order 700000611
2017-04-05T08:17:44+00:00 DEBUG (7): bill 000000000017 & ship000000000017
2017-04-05T08:17:44+00:00 DEBUG (7): Soap API Call before
2017-04-05T08:18:29+00:00 DEBUG (7): ItCan Soap Call Successfully : 063e19650a6ae2291fa92a2548560254
2017-04-05T08:19:16+00:00 DEBUG (7): Soap Call Successfully : e1f71c17c5dbd329ffc1f0cb599481de
2017-04-05T08:22:29+00:00 DEBUG (7): Computing for order 700000611
2017-04-05T08:22:30+00:00 DEBUG (7): bill 000000000017 & ship000000000017
2017-04-05T08:22:30+00:00 DEBUG (7): Soap API Call before
2017-04-05T08:23:14+00:00 DEBUG (7): ItCan Soap Call Successfully : 7f32a9e34c5fb5f8da8ea63ff85ffd40
2017-04-05T08:23:57+00:00 DEBUG (7): Soap Call Successfully : 6437243a68d2ebe18575b796dd692cc8
2017-04-05T09:08:51+00:00 DEBUG (7): Computing for order 700000611
2017-04-05T09:08:51+00:00 DEBUG (7): bill 000000000017 & ship000000000017
2017-04-05T09:08:51+00:00 DEBUG (7): Soap API Call before
2017-04-05T09:09:50+00:00 DEBUG (7): ItCan Soap Call Successfully : 6829dd95abf4c568478d07c5efa5750f
2017-04-05T09:10:37+00:00 DEBUG (7): Soap Call Successfully : 07757ef360f1fdc8392afc9af7306ab9
2017-04-05T09:12:06+00:00 DEBUG (7): Computing for order 700000611
2017-04-05T09:12:06+00:00 DEBUG (7): bill 000000000017 & ship000000000017
2017-04-05T09:12:06+00:00 DEBUG (7): Soap API Call before
2017-04-05T09:12:57+00:00 DEBUG (7): ItCan Soap Call Successfully : 7de3d76347e3fbee790f08f251c584dc
2017-04-05T09:13:40+00:00 DEBUG (7): Soap Call Successfully : 8f5f80820981e70a5d28df0be2976031
2017-04-05T09:15:16+00:00 DEBUG (7): Computing for order 700000611
2017-04-05T09:15:17+00:00 DEBUG (7): bill 000000000017 & ship000000000017
2017-04-05T09:15:17+00:00 DEBUG (7): Soap API Call before
2017-04-05T09:16:04+00:00 DEBUG (7): ItCan Soap Call Successfully : 09c6ea4600407fcd2552ad98b7ae9988
2017-04-05T09:16:52+00:00 DEBUG (7): Soap Call Successfully : 1e2db36a3ed3130321c04bcd1b66239f
2017-04-05T09:18:26+00:00 DEBUG (7): Computing for order 700000611
2017-04-05T09:18:26+00:00 DEBUG (7): bill 000000000017 & ship000000000017
2017-04-05T09:18:26+00:00 DEBUG (7): Soap API Call before
2017-04-05T09:19:18+00:00 DEBUG (7): ItCan Soap Call Successfully : 8d417c43db47b0905b3a44bf0ad6805a
2017-04-05T09:20:06+00:00 DEBUG (7): Soap Call Successfully : b6478f663366070bb192425a1f457eeb
2017-04-05T09:22:22+00:00 DEBUG (7): Computing for order 700000613
2017-04-05T09:22:22+00:00 DEBUG (7): bill 000000000012 & ship000000000012
2017-04-05T09:22:22+00:00 DEBUG (7): Soap API Call before
2017-04-05T09:23:14+00:00 DEBUG (7): ItCan Soap Call Successfully : 4ffb60d0608836083e5a7c48580991e1
2017-04-05T09:24:05+00:00 DEBUG (7): Soap Call Successfully : 70f0bfa54f4c22a967a25492f8b092dc
2017-04-05T09:24:58+00:00 DEBUG (7): Computing for order 700000611
2017-04-05T09:24:58+00:00 DEBUG (7): bill 000000000017 & ship000000000017
2017-04-05T09:24:58+00:00 DEBUG (7): Soap API Call before
2017-04-05T09:25:46+00:00 DEBUG (7): ItCan Soap Call Successfully : 4584ffe34ba3e89c5146726c5dec6eb0
2017-04-05T09:26:31+00:00 DEBUG (7): Soap Call Successfully : f77771693ac3a926379a229e9054a9e5
2017-04-05T09:29:19+00:00 DEBUG (7): Computing for order 700000611
2017-04-05T09:29:19+00:00 DEBUG (7): bill 000000000017 & ship000000000017
2017-04-05T09:29:19+00:00 DEBUG (7): Soap API Call before
2017-04-05T09:30:12+00:00 DEBUG (7): ItCan Soap Call Successfully : 8c2ac87341e0609ba9e7f1954fab332b
2017-04-05T09:31:11+00:00 DEBUG (7): Soap Call Successfully : 75c3ed8b71dba90bdb970b78a3b10693
2017-04-05T09:34:18+00:00 DEBUG (7): Computing for order 700000611
2017-04-05T09:34:19+00:00 DEBUG (7): bill 000000000017 & ship000000000017
2017-04-05T09:34:19+00:00 DEBUG (7): Soap API Call before
2017-04-05T09:35:21+00:00 DEBUG (7): ItCan Soap Call Successfully : a9a179e506e7a825edcd438413fd43aa
2017-04-05T09:36:14+00:00 DEBUG (7): Soap Call Successfully : c3d7a42e3dce33a6499c8eeb26f0fcb6
2017-04-05T09:39:33+00:00 DEBUG (7): Computing for order 700000611
2017-04-05T09:39:34+00:00 DEBUG (7): bill 000000000017 & ship000000000017
2017-04-05T09:39:34+00:00 DEBUG (7): Soap API Call before
2017-04-05T09:40:20+00:00 DEBUG (7): ItCan Soap Call Successfully : 0f73f78a52999895b1d0365455dda557
2017-04-05T09:41:04+00:00 DEBUG (7): Soap Call Successfully : 8445c1fcc4d93b677b39fc63dc72b4f0
2017-04-05T09:49:12+00:00 DEBUG (7): Computing for order 700000611
2017-04-05T09:49:12+00:00 DEBUG (7): bill 000000000017 & ship000000000017
2017-04-05T09:49:12+00:00 DEBUG (7): Soap API Call before
2017-04-05T09:50:03+00:00 DEBUG (7): ItCan Soap Call Successfully : bbf7869255de3949612a17a26d63200b
2017-04-05T09:51:02+00:00 DEBUG (7): Soap Call Successfully : 47aa9a42a0696b03b6b0cbff8a5605e8
2017-04-05T09:56:17+00:00 DEBUG (7): Computing for order 700000611
2017-04-05T09:56:18+00:00 DEBUG (7): bill 000000000017 & ship000000000017
2017-04-05T09:56:18+00:00 DEBUG (7): Soap API Call before
2017-04-05T09:57:19+00:00 DEBUG (7): ItCan Soap Call Successfully : 897c05c97d6ac4cc260f0d18910c4b6d
2017-04-05T09:58:06+00:00 DEBUG (7): Soap Call Successfully : d2999caeedd0f7cf9c9e6a89442def40
2017-04-05T10:01:13+00:00 DEBUG (7): Computing for order 700000611
2017-04-05T10:01:14+00:00 DEBUG (7): bill 000000000017 & ship000000000017
2017-04-05T10:01:14+00:00 DEBUG (7): Soap API Call before
2017-04-05T10:02:05+00:00 DEBUG (7): ItCan Soap Call Successfully : 9924025071b22f0970ed6aee1ef56a71
2017-04-05T10:02:51+00:00 DEBUG (7): Soap Call Successfully : 80e40e8641c0b46029c86a645046b0d2
2017-04-05T10:05:31+00:00 DEBUG (7): Computing for order 700000611
2017-04-05T10:05:32+00:00 DEBUG (7): bill 000000000017 & ship000000000017
2017-04-05T10:05:32+00:00 DEBUG (7): Soap API Call before
2017-04-05T10:06:19+00:00 DEBUG (7): ItCan Soap Call Successfully : 316d592709f0c83d22ddd9afc69c829b
2017-04-05T10:07:05+00:00 DEBUG (7): Soap Call Successfully : f9434178a0c94372d2f5f3895339b2ae
